loaded all the data
loaded all the patterns
(u'caused+by', 446)
(u'associated+with', 323)
(u'characterized+by', 322)
(u'used+in', 310)
(u'resulting+from', 208)
(u'found+in', 183)
(u'used+for', 179)
(u'known+as', 144)
(u'used+as', 142)
(u'resulting+in', 132)
(u'produced+by', 131)
(u'consisting+of', 120)
(u'based+on', 91)
(u'composed+of', 85)
(u'consists+of', 69)
(u'formed+by', 62)
(u'is+in', 60)
(u'seen+in', 59)
(u'made+of', 58)
(u'occurring+in', 56)
(u'occurs+in', 55)
(u'occur+in', 53)
(u'results+in', 50)
(u'accompanied+by', 42)
(u'involved+in', 39)
(u'made+by', 38)
(u'derived+from', 38)
(u'covered+by', 37)
(u'result+in', 37)
(u'placed+in', 37)
(u'are+in', 37)
(u'result+from', 36)
(u'marked+by', 36)
(u'needed+for', 33)
(u'concerned+with', 32)
(u'made+from', 31)
(u'extending+from', 31)
(u'serves+as', 30)
(u'serve+as', 29)
(u'determined+by', 29)
(u'acts+as', 28)
(u'results+from', 28)
(u'used+by', 27)
(u'is+that', 26)
(u'expressed+in', 25)
(u'swelling+of', 25)
(u'placed+on', 25)
(u'extends+from', 25)
(u'produced+in', 24)
(u'followed+by', 24)
(u'designed+for', 23)
(u'used+with', 23)
(u'induced+by', 23)
(u'combined+with', 23)
(u'created+by', 23)
(u'arising+from', 22)
(u'interferes+with', 21)
(u'required+for', 21)
(u'contained+in', 20)
(u'inserted+into', 19)
(u'depending+on', 18)
(u'obtained+by', 18)
(u'obtained+from', 18)
(u'acts+on', 18)
(u'arranged+in', 18)
(u'implicated+in', 18)
(u'formed+from', 18)
(u'secreted+by', 17)
(u'used+during', 17)
(u'controlled+by', 17)
(u'compared+with', 17)
(u'assist+in', 16)
(u'divided+into', 16)
(u'found+on', 16)
(u'made+in', 16)
(u'occurs+as', 16)
(u'surrounded+by', 16)
(u'indicated+by', 16)
(u'depends+on', 15)
(u'interfering+with', 15)
(u'aid+in', 15)
(u'occupied+by', 15)
(u'transmitted+by', 15)
(u'filled+with', 15)
(u'replaced+by', 14)
(u'classified+as', 14)
(u'made+for', 14)
(u'distinguished+by', 14)
(u'formed+in', 14)
(u'performed+by', 13)
(u'deals+with', 13)
(u'expressed+as', 13)
(u'passes+through', 13)
(u'made+on', 13)
(u'mixed+with', 13)
(u'engaged+in', 13)
(u'removed+from', 12)
(u'introduced+into', 12)
(u'be+in', 12)
(u'Used+in', 11)
(u'consist+of', 11)
(u'affected+by', 11)
(u'range+from', 11)
(u'appears+as', 11)
(u'noted+in', 11)
(u'established+by', 11)
(u'pass+through', 11)
(u'distinguished+from', 11)
(u'occurs+during', 11)
(u'developed+by', 11)
(u'occurring+as', 11)
(u'arise+from', 11)
(u'measured+by', 11)
(u'supported+by', 10)
(u'extend+from', 10)
(u'divided+by', 10)
(u'occurs+with', 10)
(u'measured+in', 10)
(u'occurring+within', 10)
(u'used+on', 10)
(u'manifested+by', 10)
(u'seen+on', 10)
(u'described+as', 10)
(u'initiated+by', 10)
(u'removed+by', 10)
(u'competing+with', 10)
(u'placed+between', 9)
(u'influenced+by', 9)
(u'employed+in', 9)
(u'appear+on', 9)
(u'is+of', 9)
(u'stimulated+by', 9)
(u'followed+in', 9)
(u'dealing+with', 9)
(u'compensate+for', 9)
(u'formed+during', 9)
(u'provided+by', 9)
(u'performed+on', 9)
(u'allows+for', 9)
(u'is+at', 9)
(u'activated+by', 9)
(u'held+in', 9)
(u'arises+from', 9)
(u'identified+by', 9)
(u'originating+in', 9)
(u'manifested+in', 9)
(u'embedded+in', 9)
(u'separated+from', 9)
(u'taken+from', 9)
(u'comes+in', 9)
(u'functions+as', 8)
(u'accomplished+by', 8)
(u'placed+at', 8)
(u'varies+with', 8)
(u'function+in', 8)
(u'Characterized+by', 8)
(u'supplied+by', 8)
(u'originates+from', 8)
(u'paid+by', 8)
(u'generated+by', 8)
(u'ranging+from', 8)
(u'transmitted+from', 8)
(u'joining+of', 8)
(u'performed+in', 8)
(u'equipped+with', 8)
(u'occur+as', 8)
(u'placed+over', 8)
(u'is+between', 8)
(u'exerted+on', 7)
(u'included+in', 7)
(u'incorporated+into', 7)
(u'developed+in', 7)
(u'passing+through', 7)
(u'modified+by', 7)
(u'occurring+on', 7)
(u'synthesized+by', 7)
(u'comes+from', 7)
(u'focuses+on', 7)
(u'emitted+from', 7)
(u'Classified+as', 7)
(u'bounded+by', 7)
(u'shaped+like', 7)
(u'implant+with', 7)
(u'absorbed+by', 7)
(u'lined+with', 7)
(u'covered+with', 7)
(u'occurs+after', 7)
(u'aids+in', 7)
(u'released+by', 7)
(u'are+of', 7)
(u'states+that', 7)
(u'dissolved+in', 7)
(u'achieved+by', 7)
(u'vary+in', 7)
(u'given+by', 7)
(u'act+as', 7)
(u'observed+in', 7)
(u'applied+by', 6)
(u'passed+through', 6)
(u'appear+as', 6)
(u'aimed+at', 6)
(u'separated+by', 6)
(u'appears+in', 6)
(u'directed+at', 6)
(u'occurring+during', 6)
(u'determine+whether', 6)
(u'thickening+of', 6)
(u'made+with', 6)
(u'delivered+by', 6)
(u'arising+in', 6)
(u'prepared+by', 6)
(u'taken+in', 6)
(u'constructed+of', 6)
(u'be+of', 6)
(u'measured+from', 6)
(u'appearing+in', 6)
(u'occur+from', 6)
(u'prepared+for', 6)
(u'prescribed+for', 6)
(u'distributed+in', 6)
(u'folds+of', 6)
(u'coupled+with', 6)
(u'Used+for', 6)
(u'varies+from', 6)
(u'appear+in', 6)
(u'isolated+from', 6)
(u'interact+with', 6)
(u'resides+in', 6)
(u'occur+during', 6)
(u'develop+in', 6)
(u'covered+under', 6)
(u'occur+after', 6)
(u'acting+on', 6)
(u'terminates+in', 5)
(u'found+within', 5)
(u'situated+between', 5)
(u'connected+by', 5)
(u'carried+by', 5)
(u'suffering+from', 5)
(u'viewed+from', 5)
(u'placed+for', 5)
(u'differentiated+from', 5)
(u'prescribed+in', 5)
(u'function+as', 5)
(u'correlated+with', 5)
(u'tracing+of', 5)
(u'differ+from', 5)
(u'varying+in', 5)
(u'situated+in', 5)
(u'originating+from', 5)
(u'offered+by', 5)
(u'impregnated+with', 5)
(u'charged+by', 5)
(u'occurs+within', 5)
(u'lined+by', 5)
(u'detected+by', 5)
(u'defined+by', 5)
(u'mediated+by', 5)
(u'assumed+by', 5)
(u'produced+on', 5)
(u'accomplished+with', 5)
(u'prepared+from', 5)
(u'seen+from', 5)
(u'gained+by', 5)
(u'synthesized+in', 5)
(u'acquired+by', 5)
(u'contained+within', 5)
(u'received+by', 5)
(u'defined+as', 5)
(u'depend+on', 5)
(u'identified+as', 5)
(u'exerted+by', 5)
(u'occur+at', 5)
(u'produced+from', 5)
(u'formed+on', 5)
(u'drains+into', 5)
(u'stored+in', 5)
(u'transmitted+as', 5)
(u'implant+that', 5)
(u'coming+into', 5)
(u'used+at', 5)
(u'regarded+as', 5)
(u'allow+for', 5)
(u'designed+by', 5)
(u'charged+for', 5)
(u'provided+in', 5)
(u'formed+between', 5)
(u'articulates+with', 5)
(u'differentiate+into', 5)
(u'infected+with', 5)
(u'qualified+by', 5)
(u'organized+into', 5)
(u'deposited+in', 5)
(u'suited+for', 4)
(u'done+by', 4)
(u'possessed+by', 4)
(u'inherited+as', 4)
(u'acts+against', 4)
(u'reserved+for', 4)
(u'develops+from', 4)
(u'considered+by', 4)
(u'react+with', 4)
(u'established+in', 4)
(u'travels+in', 4)
(u'shared+by', 4)
(u'serving+as', 4)
(u'coated+with', 4)
(u'seen+by', 4)
(u'heard+in', 4)
(u'occurring+with', 4)
(u'differs+from', 4)
(u'transformed+into', 4)
(u'are+at', 4)
(u'accumulate+in', 4)
(u'appearing+on', 4)
(u'casts+in', 4)
(u'leaking+of', 4)
(u'impregnated+in', 4)
(u'implant+in', 4)
(u'occur+with', 4)
(u'placed+into', 4)
(u'passing+from', 4)
(u'taken+into', 4)
(u'beginning+at', 4)
(u'sealed+into', 4)
(u'contracted+by', 4)
(u'intended+for', 4)
(u'joins+with', 4)
(u'contracted+from', 4)
(u'changed+by', 4)
(u'bound+by', 4)
(u'listed+in', 4)
(u'joined+by', 4)
(u'reported+in', 4)
(u'specified+by', 4)
(u'beginning+with', 4)
(u'indicates+that', 4)
(u'converted+into', 4)
(u'fits+over', 4)
(u'determine+if', 4)
(u'bring+about', 4)
(u'placed+inside', 4)
(u'come+into', 4)
(u'seen+with', 4)
(u'lies+between', 4)
(u'occur+on', 4)
(u'guided+by', 4)
(u'resting+on', 4)
(u'involved+with', 4)
(u'opens+toward', 4)
(u'indicating+that', 4)
(u'retained+by', 4)
(u'obtained+in', 4)
(u'reduced+by', 4)
(u'set+at', 4)
(u'contaminated+by', 4)
(u'worn+by', 4)
(u'applied+in', 4)
(u'insert+into', 4)
(u'operating+at', 4)
(u'arises+in', 4)
(u'drying+of', 4)
(u'ending+in', 4)
(u'loosening+of', 4)
(u'lie+in', 4)
(u'occurring+at', 4)
(u'ensure+that', 4)
(u'assists+in', 4)
(u'accumulates+in', 4)
(u'taken+by', 4)
(u'interfere+with', 4)
(u'heard+over', 4)
(u'occur+by', 4)
(u'cemented+into', 4)
(u'regulated+by', 4)
(u'treated+with', 4)
(u'formed+within', 4)
(u'exists+in', 4)
(u'reported+by', 4)
(u'elicited+by', 4)
(u'shedding+of', 4)
(u'interacts+with', 4)
(u'recommended+for', 4)
(u'varies+among', 3)
(u'stain+of', 3)
(u'emanating+from', 3)
(u'transmitted+through', 3)
(u'recommended+by', 3)
(u'bombarded+by', 3)
(u'innervated+by', 3)
(u'reacts+with', 3)
(u'communicate+with', 3)
(u'provides+for', 3)
(u'is+below', 3)
(u'assisting+in', 3)
(u'increased+in', 3)
(u'remaining+in', 3)
(u'merges+with', 3)
(u'fits+into', 3)
(u'directed+through', 3)
(u'decreased+in', 3)
(u'selected+for', 3)
(u'maintained+in', 3)
(u'injected+into', 3)
(u'removed+in', 3)
(u'directed+against', 3)
(u'provide+for', 3)
(u'lost+through', 3)
(u'competes+with', 3)
(u'based+upon', 3)
(u'exists+between', 3)
(u'made+at', 3)
(u'made+during', 3)
(u'administered+by', 3)
(u'transmitted+via', 3)
(u'metabolized+by', 3)
(u'extends+beyond', 3)
(u'arise+in', 3)
(u'required+by', 3)
(u'developing+on', 3)
(u'raised+in', 3)
(u'given+for', 3)
(u'forms+on', 3)
(u'charged+with', 3)
(u'circulating+in', 3)
(u'implant+into', 3)
(u'incurred+by', 3)
(u'specializes+in', 3)
(u'opens+into', 3)
(u'administered+with', 3)
(u'attended+by', 3)
(u'be+at', 3)
(u'protruding+from', 3)
(u'evidenced+by', 3)
(u'supplied+as', 3)
(u'are+as', 3)
(u'rolled+into', 3)
(u'shortening+of', 3)
(u'held+by', 3)
(u'multiplying+by', 3)
(u'found+at', 3)
(u'articulate+with', 3)
(u'dividing+by', 3)
(u'immersed+in', 3)
(u'join+with', 3)
(u'described+in', 3)
(u'precipitated+by', 3)
(u'purchased+from', 3)
(u'approved+by', 3)
(u'reflected+in', 3)
(u'cemented+onto', 3)
(u'occurring+from', 3)
(u'viewed+in', 3)
(u'captured+on', 3)
(u'means+that', 3)
(u'stem+from', 3)
(u'occur+within', 3)
(u'replaced+with', 3)
(u'believed+that', 3)
(u'emerge+from', 3)
(u'specializing+in', 3)
(u'mounted+on', 3)
(u'recognized+as', 3)
(u'sealing+of', 3)
(u'left+in', 3)
(u'alloyed+with', 3)
(u'functions+in', 3)
(u'limited+by', 3)
(u'placed+beneath', 3)
(u'adapted+for', 3)
(u'calculated+by', 3)
(u'ending+with', 3)
(u'initiated+in', 3)
(u'circulate+in', 3)
(u'discarded+after', 3)
(u'calls+for', 3)
(u'prepared+as', 3)
(u'sustained+by', 3)
(u'inserted+in', 3)
(u'named+because', 3)
(u'operates+on', 3)
(u'Used+with', 3)
(u'placed+upon', 3)
(u'imposed+by', 3)
(u'pay+toward', 3)
(u'performed+for', 3)
(u'connected+in', 3)
(u'categorized+as', 3)
(u'prepared+in', 3)
(u'is+from', 3)
(u'occur+without', 3)
(u'comes+into', 3)
(u'emitted+by', 3)
(u'destroyed+by', 3)
(u'determining+whether', 3)
(u'existing+in', 3)
(u'encountered+in', 3)
(u'united+by', 3)
(u'converges+with', 3)
(u'worked+on', 3)
(u'recognized+by', 3)
(u'have+in', 3)
(u'occlude+in', 3)
(u'attached+at', 3)
(u'connected+with', 3)
(u'released+from', 3)
(u'distributed+throughout', 3)
(u'enclosed+within', 3)
(u'rests+on', 3)
(u'gives+off', 3)
(u'bonded+by', 3)
(u'arrive+at', 3)
(u'enters+into', 3)
(u'flowing+through', 3)
(u'measured+at', 3)
(u'measured+as', 3)
(u'passed+in', 3)
(u'expressed+by', 3)
(u'accomplished+in', 3)
(u'thinning+of', 3)
(u'ends+in', 3)
(u'providing+for', 3)
(u'diagnosed+with', 3)
(u'employed+as', 3)
(u'combines+with', 3)
(u'appears+on', 3)
(u'engaging+in', 3)
(u'originates+in', 3)
(u'altered+by', 3)
(u'operated+on', 3)
(u'held+against', 3)
(u'noted+during', 3)
(u'applied+with', 3)
(u'designed+as', 3)
(u'attached+by', 3)
(u'contacting+of', 3)
(u'protects+against', 3)
(u'inserted+through', 3)
(u'recording+on', 3)
(u'described+by', 3)
(u'recorded+in', 3)
(u'is+by', 3)
(u'treated+by', 3)
(u'implant+by', 3)
(u'extends+along', 3)
(u'absorbed+into', 3)
(u'excreted+in', 3)
(u'occurring+without', 3)
(u'deposited+on', 3)
(u'borne+by', 3)
(u'paid+for', 3)
(u'entering+into', 3)
(u'requested+by', 3)
(u'imposed+on', 3)
(u'discovered+by', 3)
(u'represented+by', 3)
(u'prophylaxis+against', 3)
(u'emerging+from', 3)
(u'providing+of', 3)
(u'established+as', 3)
(u'participate+in', 3)
(u'occurs+on', 3)
(u'preceded+by', 3)
(u'developed+from', 3)
(u'screen+for', 3)
(u'rendered+by', 3)
(u'contrasted+with', 3)
(u'originates+on', 3)
(u'occurs+at', 3)
(u'acquired+in', 3)
(u'accounting+for', 3)
(u'pass+from', 3)
(u'drop+in', 3)
(u'bulging+of', 3)
(u'inserted+between', 3)
(u'move+in', 3)
(u'fit+on', 2)
(u'extends+into', 2)
(u'alternated+with', 2)
(u'develops+in', 2)
(u'created+in', 2)
(u'made+within', 2)
(u'pointed+at', 2)
(u'fitted+into', 2)
(u'held+between', 2)
(u'provided+with', 2)
(u'operated+by', 2)
(u'fit+over', 2)
(u'licensed+in', 2)
(u'collect+in', 2)
(u'is+for', 2)
(u'varies+in', 2)
(u'dispensed+as', 2)
(u'conducted+in', 2)
(u'exists+for', 2)
(u'directed+from', 2)
(u'be+by', 2)
(u'grow+in', 2)
(u'leaving+behind', 2)
(u'extending+around', 2)
(u'sought+in', 2)
(u'empty+into', 2)
(u'persisting+for', 2)
(u'sold+in', 2)
(u'contacted+by', 2)
(u'lies+within', 2)
(u'tapered+at', 2)
(u'obtained+during', 2)
(u'created+during', 2)
(u'trapped+within', 2)
(u'exposed+during', 2)
(u'seen+as', 2)
(u'supplied+with', 2)
(u'stated+in', 2)
(u'flooded+with', 2)
(u'registered+in', 2)
(u'stopping+of', 2)
(u'subside+in', 2)
(u'coloring+from', 2)
(u'cut+from', 2)
(u'purchased+without', 2)
(u'coated+on', 2)
(u'fabricated+in', 2)
(u'surviving+at', 2)
(u'Derived+from', 2)
(u'flows+through', 2)
(u'produced+at', 2)
(u'dye+in', 2)
(u'reduced+in', 2)
(u'removed+during', 2)
(u'arrives+at', 2)
(u'passes+into', 2)
(u'recorded+from', 2)
(u'develops+within', 2)
(u'tapering+toward', 2)
(u'begins+at', 2)
(u'spread+from', 2)
(u'presents+with', 2)
(u'signed+by', 2)
(u'developed+within', 2)
(u'grinding+of', 2)
(u'casts+on', 2)
(u'extracted+from', 2)
(u'fall+under', 2)
(u'engaged+by', 2)
(u'differentiating+into', 2)
(u'divide+into', 2)
(u'released+into', 2)
(u'meet+at', 2)
(u'reassembled+in', 2)
(u'swelling+in', 2)
(u'existing+at', 2)
(u'traversed+by', 2)
(u'receive+in', 2)
(u'manifested+as', 2)
(u'sharpening+with', 2)
(u'known+by', 2)
(u'lies+on', 2)
(u'defined+in', 2)
(u'applied+as', 2)
(u'mixing+of', 2)
(u'held+at', 2)
(u'stating+that', 2)
(u'functioning+in', 2)
(u'produced+within', 2)
(u'extends+in', 2)
(u'extending+into', 2)
(u'Prescribed+for', 2)
(u'moving+in', 2)
(u'contaminated+with', 2)
(u'noted+by', 2)
(u'fabricated+of', 2)
(u'appears+during', 2)
(u'found+underneath', 2)
(u'lies+beneath', 2)
(u'deal+with', 2)
(u'suggesting+that', 2)
(u'drilled+into', 2)
(u'based+in', 2)
(u'cast+by', 2)
(u'want+of', 2)
(u'lasting+from', 2)
(u'collected+in', 2)
(u'spent+for', 2)
(u'determined+from', 2)
(u'form+on', 2)
(u'differ+by', 2)
(u'originate+from', 2)
(u'drawn+between', 2)
(u'pay+for', 2)
(u'occurring+before', 2)
(u'palpated+from', 2)
(u'reside+in', 2)
(u'increase+in', 2)
(u'develop+at', 2)
(u'bristles+on', 2)
(u'worn+over', 2)
(u'divides+into', 2)
(u'delivered+before', 2)
(u'gathered+from', 2)
(u'consumed+by', 2)
(u'secreted+into', 2)
(u'Prepared+by', 2)
(u'formed+at', 2)
(u'formed+as', 2)
(u'rely+on', 2)
(u'developed+between', 2)
(u'Noted+as', 2)
(u'provided+on', 2)
(u'securing+in', 2)
(u'surges+of', 2)
(u'developing+in', 2)
(u'range+in', 2)
(u'invested+in', 2)
(u'interspersed+with', 2)
(u'powered+by', 2)
(u'separating+of', 2)
(u'lies+in', 2)
(u'originate+in', 2)
(u'enclosed+in', 2)
(u'act+on', 2)
(u'distinguish+from', 2)
(u'work+in', 2)
(u'declared+by', 2)
(u'projecting+from', 2)
(u'detached+from', 2)
(u'persist+for', 2)
(u'produced+after', 2)
(u'intersect+within', 2)
(u'lengthening+of', 2)
(u'ingested+in', 2)
(u'be+on', 2)
(u'working+in', 2)
(u'being+without', 2)
(u'administered+for', 2)
(u'implanted+into', 2)
(u'used+within', 2)
(u'fabricated+for', 2)
(u'qualify+for', 2)
(u'happens+in', 2)
(u'circulating+through', 2)
(u'served+by', 2)
(u'designated+as', 2)
(u'embedded+within', 2)
(u'develop+from', 2)
(u'fastened+into', 2)
(u'settle+in', 2)
(u'immunized+against', 2)
(u'reflected+from', 2)
(u'assessed+by', 2)
(u'devised+by', 2)
(u'forced+into', 2)
(u'occurring+under', 2)
(u'qualified+in', 2)
(u'drawn+by', 2)
(u'proposed+by', 2)
(u'are+among', 2)
(u'obtained+through', 2)
(u'participating+in', 2)
(u'displayed+on', 2)
(u'elected+by', 2)
(u'withdrawn+from', 2)
(u'induced+in', 2)
(u'executed+by', 2)
(u'pass+without', 2)
(u'rotated+in', 2)
(u'harvested+from', 2)
(u'accounts+for', 2)
(u'existing+between', 2)
(u'twisting+of', 2)
(u'is+around', 2)
(u'converges+from', 2)
(u'has+in', 2)
(u'act+in', 2)
(u'extends+onto', 2)
(u'registered+on', 2)
(u'extend+beyond', 2)
(u'move+from', 2)
(u'detached+by', 2)
(u'elaborated+by', 2)
(u'observed+at', 2)
(u'differentiate+from', 2)
(u'produced+during', 2)
(u'calculated+from', 2)
(u'distributed+over', 2)
(u'metabolized+in', 2)
(u'flattening+of', 2)
(u'held+with', 2)
(u'prescribed+by', 2)
(u'runs+from', 2)
(u'living+in', 2)
(u'found+between', 2)
(u'occurs+about', 2)
(u'moved+across', 2)
(u'occurring+after', 2)
(u'cut+into', 2)
(u'united+at', 2)
(u'submitted+by', 2)
(u'questioning+of', 2)
(u'bowing+of', 2)
(u'acting+as', 2)
(u'exposed+at', 2)
(u'begins+in', 2)
(u'lives+in', 2)
(u'darkening+of', 2)
(u'takes+into', 2)
(u'proceed+from', 2)
(u'written+by', 2)
(u'comply+with', 2)
(u'positioned+in', 2)
(u'differ+in', 2)
(u'rotates+in', 2)
(u'pressed+into', 2)
(u'survive+in', 2)
(u'excited+by', 2)
(u'acts+in', 2)
(u'brought+into', 2)
(u'spread+by', 2)
(u'heard+at', 2)
(u'be+out', 2)
(u'lying+between', 2)
(u'varying+from', 2)
(u'tested+for', 2)
(u'maintained+for', 2)
(u'applied+from', 2)
(u'lodged+in', 2)
(u'ensuring+that', 2)
(u'interpreted+as', 2)
(u'Used+as', 2)
(u'liberated+by', 2)
(u'working+on', 2)
(u'suggested+by', 2)
(u'cast+in', 2)
(u'extending+through', 2)
(u'experienced+in', 2)
(u'represented+in', 2)
(u'remains+after', 2)
(u'experienced+during', 2)
(u'recorded+on', 2)
(u'fixed+into', 2)
(u'introduced+by', 2)
(u'circulates+through', 2)
(u'react+in', 2)
(u'received+from', 2)
(u'kept+within', 2)
(u'rotate+in', 2)
(u'added+by', 2)
(u'provided+under', 2)
(u'excreted+from', 2)
(u'Caused+by', 2)
(u'suspended+in', 2)
(u'selected+from', 2)
(u'travel+in', 2)
(u'breathe+on', 2)
(u'worn+for', 2)
(u'pursued+for', 2)
(u'headquartered+in', 2)
(u'incurred+in', 2)
(u'damaged+by', 2)
(u'formed+of', 2)
(u'know+as', 2)
(u'removed+with', 2)
(u'stipulated+in', 2)
(u'extending+between', 2)
(u'floating+in', 2)
(u'made+between', 2)
(u'housed+in', 2)
(u'acting+through', 2)
(u'computed+from', 2)
(u'articulate+in', 2)
(u'given+in', 2)
(u'practice+in', 2)
(u'implant+so', 2)
(u'done+on', 2)
(u'viewed+on', 2)
(u'aided+by', 2)
(u'loaded+into', 2)
(u'dissipate+into', 2)
(u'stated+with', 2)
(u'taken+at', 2)
(u'taken+as', 2)
(u'occurred+in', 2)
(u'solidifies+after', 2)
(u'indicated+on', 2)
(u'go+through', 2)
(u'engage+in', 2)
(u'descend+from', 2)
(u'warns+of', 2)
(u'heard+by', 2)
(u'occur+because', 2)
(u'is+about', 2)
(u'classified+into', 2)
(u'having+as', 2)
(u'arrived+at', 2)
(u'published+by', 2)
(u'drawn+from', 2)
(u'based+at', 2)
(u'restricted+by', 2)
(u'used+before', 2)
(u'fabricated+from', 2)
(u'provided+for', 2)
(u'overlapping+of', 2)
(u'overlap+of', 2)
(u'extracted+because', 2)
(u'act+for', 2)
(u'retained+in', 2)
(u'cope+with', 2)
(u'thrusting+of', 2)
(u'obtained+under', 2)
(u'begin+in', 2)
(u'confused+with', 2)
(u'relayed+by', 2)
(u'bringing+about', 2)
(u'used+between', 2)
(u'marking+of', 2)
(u'bordered+by', 2)
(u'aiding+in', 2)
(u'are+on', 2)
(u'removed+after', 2)
(u'starting+with', 2)
(u'processed+with', 2)
(u'perceived+as', 2)
(u'account+for', 2)
(u'maintained+by', 2)
(u'formed+through', 2)
(u'Composed+of', 2)
(u'bristles+in', 2)
(u'overseeing+of', 2)
(u'noted+on', 2)
(u'issued+by', 2)
(u'confirmed+by', 2)
(u'attested+by', 2)
(u'grasped+by', 2)
(u'running+from', 2)
(u'develop+into', 2)
(u'reduced+until', 2)
(u'biting+of', 2)
(u'occasioned+by', 2)
(u'required+before', 2)
(u'dictates+that', 2)
(u'sustained+in', 2)
(u'travel+via', 2)
(u'emerges+from', 2)
(u'inhibited+by', 2)
(u'granted+by', 2)
(u'stipulating+that', 2)
(u'produced+as', 2)
(u'absorbed+through', 2)
(u'drifting+of', 2)
(u'cast+into', 2)
(u'protrude+from', 2)
(u'move+into', 2)
(u'felt+at', 2)
(u'recovering+from', 2)
(u'occurs+between', 2)
(u'made+over', 2)
(u'remains+in', 2)
(u'is+under', 2)
(u'joined+with', 2)
(u'initiated+at', 2)
(u'offered+within', 2)
(u'being+in', 2)
(u'is+through', 2)
(u'look+like', 2)
(u'participates+in', 2)
(u'suspended+from', 2)
(u'passing+between', 2)
(u'constructed+for', 2)
(u'erupt+into', 2)
(u'released+in', 2)
(u'clean+between', 2)
(u'changed+from', 2)
(u'combined+in', 2)
(u'fumes+of', 2)
(u'formulated+by', 2)
(u'cluster+around', 2)
(u'remaining+after', 2)
(u'lying+against', 2)
(u'pegs+into', 2)
(u'paste+with', 2)
(u'limited+in', 2)
(u'exudes+from', 2)
(u'presents+as', 1)
(u'hammered+from', 1)
(u'established+under', 1)
(u'preferred+because', 1)
(u'conforming+in', 1)
(u'experienced+at', 1)
(u'experienced+as', 1)
(u'interacting+with', 1)
(u'encouraged+in', 1)
(u'occurs+except', 1)
(u'designated+on', 1)
(u'plan+from', 1)
(u'falls+under', 1)
(u'intervening+between', 1)
(u'deviate+from', 1)
(u'carving+of', 1)
(u'showing+that', 1)
(u'worn+during', 1)
(u'lives+on', 1)
(u'stain+on', 1)
(u'fractured+under', 1)
(u'noted+between', 1)
(u'digested+in', 1)
(u'varied+in', 1)
(u'noted+within', 1)
(u'counted+per', 1)
(u'accept+in', 1)
(u'starts+in', 1)
(u'practice+by', 1)
(u'tapped+during', 1)
(u'crowding+out', 1)
(u'aspirate+before', 1)
(u'fabricated+on', 1)
(u'sized+from', 1)
(u'emitted+within', 1)
(u'affected+at', 1)
(u'develops+until', 1)
(u'commenced+before', 1)
(u'allowed+for', 1)
(u'occurs+beneath', 1)
(u'exists+about', 1)
(u'outlines+of', 1)
(u'transformed+by', 1)
(u'lie+between', 1)
(u'lightened+with', 1)
(u'eliminated+from', 1)
(u'beveled+like', 1)
(u'accessed+on', 1)
(u'based+within', 1)
(u'captured+during', 1)
(u'fixed+for', 1)
(u'Occurs+as', 1)
(u'following+through', 1)
(u'overseen+by', 1)
(u'continues+in', 1)
(u'bristles+over', 1)
(u'purging+as', 1)
(u'bonded+into', 1)
(u'is+out', 1)
(u'shaking+of', 1)
(u'erupt+from', 1)
(u'encounter+in', 1)
(u'crowding+of', 1)
(u'forceps+with', 1)
(u'Extending+from', 1)
(u'heard+on', 1)
(u'arising+within', 1)
(u'biangled+with', 1)
(u'ending+for', 1)
(u'flow+against', 1)
(u'conform+in', 1)
(u'weaning+as', 1)
(u'radiating+along', 1)
(u'are+that', 1)
(u'rotated+as', 1)
(u'exercise+under', 1)
(u'projected+on', 1)
(u'bristles+for', 1)
(u'ordered+in', 1)
(u'developing+from', 1)
(u'sucked+between', 1)
(u'told+in', 1)
(u'belong+under', 1)
(u'placed+so', 1)
(u'manufactured+in', 1)
(u'remain+at', 1)
(u'remain+as', 1)
(u'done+during', 1)
(u'conceals+from', 1)
(u'negotiated+so', 1)
(u'bonded+on', 1)
(u'draws+from', 1)
(u'centered+over', 1)
(u'occurs+because', 1)
(u'clogging+of', 1)
(u'raised+on', 1)
(u'washed+from', 1)
(u'measured+through', 1)
(u'situated+behind', 1)
(u'meeting+at', 1)
(u'dispensing+of', 1)
(u'gives+for', 1)
(u'feed+into', 1)
(u'have+at', 1)
(u'operates+with', 1)
(u'interposed+between', 1)
(u'happens+after', 1)
(u'jelled+by', 1)
(u'directed+for', 1)
(u'conveying+of', 1)
(u'medicated+with', 1)
(u'excreted+into', 1)
(u'reimbursed+by', 1)
(u'accused+of', 1)
(u'elicited+during', 1)
(u'aligned+in', 1)
(u'martensite+with', 1)
(u'hardened+by', 1)
(u'cultured+from', 1)
(u'depends+upon', 1)
(u'persists+despite', 1)
(u'conjugated+with', 1)
(u'getting+at', 1)
(u'exist+as', 1)
(u'discharged+by', 1)
(u'exist+at', 1)
(u'sealed+with', 1)
(u'rests+with', 1)
(u'encircled+by', 1)
(u'ranging+in', 1)
(u'accumulated+in', 1)
(u'close+in', 1)
(u'writing+on', 1)
(u'starts+with', 1)
(u'branching+of', 1)
(u'continued+upon', 1)
(u'sharpening+of', 1)
(u'practice+for', 1)
(u'deflated+without', 1)
(u'drawn+across', 1)
(u'required+upon', 1)
(u'resulted+from', 1)
(u'taken+after', 1)
(u'destroyed+without', 1)
(u'laced+through', 1)
(u'accorded+by', 1)
(u'mediated+through', 1)
(u'altering+at', 1)
(u'bends+toward', 1)
(u'revised+without', 1)
(u'increase+during', 1)
(u'living+at', 1)
(u'implanted+under', 1)
(u'viewed+under', 1)
(u'hardening+without', 1)
(u'aggravated+by', 1)
(u'lies+above', 1)
(u'cited+as', 1)
(u'indicated+as', 1)
(u'demonstrated+on', 1)
(u'recover+from', 1)
(u'delineated+by', 1)
(u'fasted+for', 1)
(u'anastomose+with', 1)
(u'unopposed+by', 1)
(u'culminating+with', 1)
(u'exist+if', 1)
(u'cut+through', 1)
(u'identified+from', 1)
(u'prepared+on', 1)
(u'provides+that', 1)
(u'followed+through', 1)
(u'brushed+in', 1)
(u'accomplished+over', 1)
(u'insures+against', 1)
(u'delivered+at', 1)
(u'clogged+with', 1)
(u'emptying+of', 1)
(u'distributed+at', 1)
(u'discriminate+between', 1)
(u'occurring+above', 1)
(u'viewed+by', 1)
(u'occlude+for', 1)
(u'obliterated+in', 1)
(u'predicts+that', 1)
(u'stabilizing+of', 1)
(u'filtered+through', 1)
(u'obtained+for', 1)
(u'charge+that', 1)
(u'deviating+from', 1)
(u'acts+with', 1)
(u'recognized+that', 1)
(u'exerted+against', 1)
(u'stipulated+during', 1)
(u'directed+toward', 1)
(u'classed+as', 1)
(u'preferred+for', 1)
(u'enacted+by', 1)
(u'applied+around', 1)
(u'pass+during', 1)
(u'develop+for', 1)
(u'curved+for', 1)
(u'imparted+by', 1)
(u'working+with', 1)
(u'graduating+from', 1)
(u'rated+against', 1)
(u'refined+by', 1)
(u'balanced+without', 1)
(u'administered+as', 1)
(u'administered+at', 1)
(u'constructed+by', 1)
(u'rupturing+of', 1)
(u'tied+around', 1)
(u'acting+for', 1)
(u'pass+over', 1)
(u'possessing+at', 1)
(u'measured+on', 1)
(u'appeared+in', 1)
(u'demonstrated+that', 1)
(u'struts+that', 1)
(u'stays+in', 1)
(u'beginning+before', 1)
(u'touching+of', 1)
(u'anticipated+in', 1)
(u'frozen+by', 1)
(u'rotated+while', 1)
(u'living+within', 1)
(u'need+for', 1)
(u'acting+in', 1)
(u'supervised+by', 1)
(u'retrieved+from', 1)
(u'open+after', 1)
(u'verifying+that', 1)
(u'contoured+after', 1)
(u'deposit+over', 1)
(u'designated+by', 1)
(u'preoccupied+with', 1)
(u'tendered+by', 1)
(u'freezes+at', 1)
(u'prefiling+of', 1)
(u'functioning+within', 1)
(u'united+with', 1)
(u'formed+without', 1)
(u'read+as', 1)
(u'decreases+during', 1)
(u'used+because', 1)
(u'sits+along', 1)
(u'defrayed+by', 1)
(u'incurs+because', 1)
(u'mature+into', 1)
(u'indicated+because', 1)
(u'noted+while', 1)
(u'alternating+with', 1)
(u'crazing+of', 1)
(u'begins+as', 1)
(u'imposed+as', 1)
(u'die+after', 1)
(u'develops+with', 1)
(u'calculated+in', 1)
(u'taught+at', 1)
(u'considered+as', 1)
(u'exhibit+at', 1)
(u'be+for', 1)
(u'perpetrated+against', 1)
(u'monitored+by', 1)
(u'expended+by', 1)
(u'offset+of', 1)
(u'delivered+via', 1)
(u'interact+in', 1)
(u'exacerbated+by', 1)
(u'ends+near', 1)
(u'worn+in', 1)
(u'embodied+in', 1)
(u'pierced+with', 1)
(u'begins+about', 1)
(u'escape+during', 1)
(u'placed+under', 1)
(u'rest+in', 1)
(u'closed+at', 1)
(u'seep+into', 1)
(u'exposed+with', 1)
(u'positioned+at', 1)
(u'fixed+in', 1)
(u'act+by', 1)
(u'occur+if', 1)
(u'weakened+by', 1)
(u'plotted+by', 1)
(u'devised+for', 1)
(u'built+on', 1)
(u'budding+from', 1)
(u'brace+that', 1)
(u'translated+into', 1)
(u'indicates+by', 1)
(u'plated+in', 1)
(u'coded+by', 1)
(u'described+on', 1)
(u'produce+without', 1)
(u'communicate+from', 1)
(u'analyzed+by', 1)
(u'shaped+with', 1)
(u'ending+at', 1)
(u'administered+before', 1)
(u'collapsing+of', 1)
(u'crowding+in', 1)
(u'formed+for', 1)
(u'excised+with', 1)
(u'know+in', 1)
(u'assume+that', 1)
(u'tearing+of', 1)
(u'receives+during', 1)
(u'matures+in', 1)
(u'carried+as', 1)
(u'remains+at', 1)
(u'increased+during', 1)
(u'casts+into', 1)
(u'complicated+by', 1)
(u'treated+for', 1)
(u'was+off', 1)
(u'exerted+in', 1)
(u'radiographed+for', 1)
(u'united+during', 1)
(u'vibrates+at', 1)
(u'diminishes+until', 1)
(u'compounded+with', 1)
(u'play+in', 1)
(u'close+after', 1)
(u'work+against', 1)
(u'used+per', 1)
(u'combines+as', 1)
(u'administered+in', 1)
(u'formulated+for', 1)
(u'implant+of', 1)
(u'beaten+from', 1)
(u'packed+in', 1)
(u'existing+as', 1)
(u'marked+with', 1)
(u'separate+during', 1)
(u'formed+into', 1)
(u'reform+within', 1)
(u'overlaps+in', 1)
(u'buried+in', 1)
(u'luted+into', 1)
(u'recur+after', 1)
(u'insert+along', 1)
(u'have+on', 1)
(u'communicates+between', 1)
(u'blend+into', 1)
(u'meet+along', 1)
(u'reproduced+from', 1)
(u'passes+from', 1)
(u'exercised+by', 1)
(u'listening+for', 1)
(u'attached+during', 1)
(u'positioned+over', 1)
(u'displaced+by', 1)
(u'admixed+with', 1)
(u'served+in', 1)
(u'Believed+by', 1)
(u'oxygenated+at', 1)
(u'passed+from', 1)
(u'works+by', 1)
(u'sued+for', 1)
(u'fertilized+at', 1)
(u'contracted+via', 1)
(u'swelling+without', 1)
(u'drift+in', 1)
(u'reproduced+in', 1)
(u'conveyed+by', 1)
(u'informed+by', 1)
(u'fabricated+outside', 1)
(u'appears+over', 1)
(u'bites+of', 1)
(u'shifting+from', 1)
(u'rotating+of', 1)
(u'implant+within', 1)
(u'depicted+on', 1)
(u'spread+over', 1)
(u'created+for', 1)
(u'carving+in', 1)
(u'developed+over', 1)
(u'supplied+in', 1)
(u'supported+on', 1)
(u'compete+with', 1)
(u'lie+at', 1)
(u'enrolled+in', 1)
(u'lies+with', 1)
(u'referred+from', 1)
(u'forced+for', 1)
(u'Used+on', 1)
(u'fixed+per', 1)
(u'sets+into', 1)
(u'working+from', 1)
(u'experienced+by', 1)
(u'driven+into', 1)
(u'absorbed+from', 1)
(u'entered+in', 1)
(u'washing+of', 1)
(u'varied+by', 1)
(u'digested+by', 1)
(u'blend+of', 1)
(u'extends+across', 1)
(u'delivered+into', 1)
(u'sustained+during', 1)
(u'transplanted+into', 1)
(u'accelerated+toward', 1)
(u'weld+at', 1)
(u'left+from', 1)
(u'precipitate+from', 1)
(u'moved+from', 1)
(u'appearing+during', 1)
(u'afflicted+by', 1)
(u'plummeting+of', 1)
(u'dying+at', 1)
(u'function+at', 1)
(u'sliding+of', 1)
(u'felt+within', 1)
(u'modified+since', 1)
(u'required+on', 1)
(u'handle+through', 1)
(u'situated+on', 1)
(u'prearranged+in', 1)
(u'operate+upon', 1)
(u'react+as', 1)
(u'indicates+so', 1)
(u'detracting+from', 1)
(u'presented+by', 1)
(u'blocked+from', 1)
(u'worn+like', 1)
(u'remains+within', 1)
(u'sharpened+on', 1)
(u'dies+in', 1)
(u'separate+in', 1)
(u'eradicated+in', 1)
(u'fused+with', 1)
(u'located+in', 1)
(u'compressed+by', 1)
(u'found+that', 1)
(u'rotting+of', 1)
(u'practice+at', 1)
(u'pays+for', 1)
(u'felt+under', 1)
(u'followed+within', 1)
(u'extracted+for', 1)
(u'recorded+at', 1)
(u'provide+on', 1)
(u'examined+under', 1)
(u'responds+by', 1)
(u'regaining+of', 1)
(u'heal+over', 1)
(u'counterstains+with', 1)
(u'winding+of', 1)
(u'having+in', 1)
(u'run+on', 1)
(u'perceived+through', 1)
(u'identified+with', 1)
(u'suspended+beneath', 1)
(u'fixed+during', 1)
(u'ending+by', 1)
(u'withdrawing+of', 1)
(u'withdrawn+by', 1)
(u'occurring+while', 1)
(u'giving+of', 1)
(u'accepted+by', 1)
(u'breathing+into', 1)
(u'chisel+with', 1)
(u'has+since', 1)
(u'inserted+on', 1)
(u'kept+in', 1)
(u'invaded+by', 1)
(u'regenerates+from', 1)
(u'interdigitate+with', 1)
(u'exhaled+during', 1)
(u'designed+that', 1)
(u'deviates+from', 1)
(u'heightened+after', 1)
(u'distinguish+between', 1)
(u'reach+during', 1)
(u'born+before', 1)
(u'grinds+on', 1)
(u'pegs+of', 1)
(u'sutured+into', 1)
(u'scattered+from', 1)
(u'reside+at', 1)
(u'situated+within', 1)
(u'fill+in', 1)
(u'makes+with', 1)
(u'fitted+with', 1)
(u'popping+of', 1)
(u'replicate+outside', 1)
(u'mixes+with', 1)
(u'recovers+with', 1)
(u'Considered+under', 1)
(u'breathe+except', 1)
(u'put+into', 1)
(u'reduced+below', 1)
(u'washing+from', 1)
(u'targeted+because', 1)
(u'breathing+after', 1)
(u'colored+by', 1)
(u'test+for', 1)
(u'containing+between', 1)
(u'last+for', 1)
(u'inquire+of', 1)
(u'made+into', 1)
(u'retained+within', 1)
(u'developed+during', 1)
(u'cured+by', 1)
(u'fluctuates+from', 1)
(u'meaning+that', 1)
(u'prevail+in', 1)
(u'result+if', 1)
(u'operating+in', 1)
(u'utilized+in', 1)
(u'desiccated+for', 1)
(u'calculated+as', 1)
(u'filling+with', 1)
(u'soldered+onto', 1)
(u'bristles+of', 1)
(u'bleeding+from', 1)
(u'finished+during', 1)
(u'traced+along', 1)
(u'spotted+on', 1)
(u'advocated+by', 1)
(u'owned+by', 1)
(u'vented+before', 1)
(u'sent+by', 1)
(u'uncontrolled+by', 1)
(u'prevented+by', 1)
(u'screwed+into', 1)
(u'combining+with', 1)
(u'spiraled+than', 1)
(u'outlined+on', 1)
(u'means+for', 1)
(u'practice+without', 1)
(u'occurs+without', 1)
(u'feel+that', 1)
(u'agreed+upon', 1)
(u'cared+for', 1)
(u'exiting+in', 1)
(u'has+about', 1)
(u'obtained+within', 1)
(u'form+within', 1)
(u'Seen+along', 1)
(u'oscillated+throughout', 1)
(u'is+within', 1)
(u'does+in', 1)
(u'prohibited+by', 1)
(u'converging+with', 1)
(u'made+about', 1)
(u'bristles+at', 1)
(u'lost+in', 1)
(u'modeled+after', 1)
(u'inflated+by', 1)
(u'knows+whether', 1)
(u'disappeared+from', 1)
(u'repeating+at', 1)
(u'open+into', 1)
(u'elicited+from', 1)
(u'moved+over', 1)
(u'presented+as', 1)
(u'carried+on', 1)
(u'uniting+with', 1)
(u'presented+at', 1)
(u'live+in', 1)
(u'fit+into', 1)
(u'reached+in', 1)
(u'deviated+from', 1)
(u'assessed+for', 1)
(u'is+outside', 1)
(u'registered+with', 1)
(u'transmitted+in', 1)
(u'enacted+in', 1)
(u'serve+for', 1)
(u'erupt+through', 1)
(u'required+throughout', 1)
(u'keeping+of', 1)
(u'tested+after', 1)
(u'noted+before', 1)
(u'expected+at', 1)
(u'grow+without', 1)
(u'subside+within', 1)
(u'protect+against', 1)
(u'squeezed+out', 1)
(u'scattered+throughout', 1)
(u'happening+by', 1)
(u'learn+at', 1)
(u'breathing+in', 1)
(u'done+in', 1)
(u'reveals+that', 1)
(u'measures+for', 1)
(u'trapped+by', 1)
(u'advanced+from', 1)
(u'positioned+against', 1)
(u'begins+below', 1)
(u'raised+into', 1)
(u'flowing+in', 1)
(u'ends+at', 1)
(u'exposed+over', 1)
(u'renewed+at', 1)
(u'augmented+by', 1)
(u'used+after', 1)
(u'enters+for', 1)
(u'register+as', 1)
(u'cultured+in', 1)
(u'attained+during', 1)
(u'palpated+at', 1)
(u'applied+after', 1)
(u'constructed+on', 1)
(u'prolonged+by', 1)
(u'shunted+from', 1)
(u'blends+with', 1)
(u'unite+in', 1)
(u'stored+as', 1)
(u'threatened+by', 1)
(u'collide+with', 1)
(u'fused+in', 1)
(u'situated+near', 1)
(u'rectifying+of', 1)
(u'begun+in', 1)
(u'absorbed+in', 1)
(u'are+under', 1)
(u'exposed+from', 1)
(u'slowing+of', 1)
(u'visualized+by', 1)
(u'varying+with', 1)
(u'abuse+because', 1)
(u'expanding+at', 1)
(u'occurs+if', 1)
(u'perpetrated+on', 1)
(u'infected+without', 1)
(u'incurred+under', 1)
(u'cleansing+from', 1)
(u'preserved+in', 1)
(u'admitted+in', 1)
(u'appears+along', 1)
(u'measuring+in', 1)
(u'networked+with', 1)
(u'administered+under', 1)
(u'operate+as', 1)
(u'constrict+like', 1)
(u'read+by', 1)
(u'stands+for', 1)
(u'packed+into', 1)
(u'control+except', 1)
(u'conceded+that', 1)
(u'detected+during', 1)
(u'guarantee+that', 1)
(u'limiting+of', 1)
(u'probing+by', 1)
(u'wraps+around', 1)
(u'demonstrated+between', 1)
(u'absorbed+at', 1)
(u'absorbed+as', 1)
(u'Viewed+from', 1)
(u'expected+in', 1)
(u'established+for', 1)
(u'replaced+after', 1)
(u'emitted+as', 1)
(u'substituted+in', 1)
(u'coded+in', 1)
(u'splinting+of', 1)
(u'prearranged+on', 1)
(u'shaken+before', 1)
(u'scalloping+along', 1)
(u'falls+on', 1)
(u'thickened+by', 1)
(u'stored+under', 1)
(u'filtered+across', 1)
(u'allowed+by', 1)
(u'suspected+of', 1)
(u'reoccur+after', 1)
(u'versed+in', 1)
(u'removed+before', 1)
(u'arranging+of', 1)
(u'processed+during', 1)
(u'rotated+against', 1)
(u'occur+before', 1)
(u'luxated+from', 1)
(u'demarcated+by', 1)
(u'discovered+in', 1)
(u'located+on', 1)
(u'identified+in', 1)
(u'assisted+by', 1)
(u'managed+through', 1)
(u'classified+on', 1)
(u'detaches+from', 1)
(u'differing+because', 1)
(u'decrease+as', 1)
(u'coiled+around', 1)
(u'facilitate+as', 1)
(u'develops+as', 1)
(u'develops+at', 1)
(u'acquired+as', 1)
(u'synapsing+with', 1)
(u'ranging+between', 1)
(u'begin+as', 1)
(u'arising+on', 1)
(u'qualify+as', 1)
(u'escape+from', 1)
(u'adjusted+for', 1)
(u'predetermined+by', 1)
(u'increasing+of', 1)
(u'compared+over', 1)
(u'traced+around', 1)
(u'displaced+toward', 1)
(u'expend+in', 1)
(u'marked+at', 1)
(u'bristles+into', 1)
(u'reserved+on', 1)
(u'running+down', 1)
(u'change+in', 1)
(u'conducted+by', 1)
(u'mobilized+within', 1)
(u'Requires+between', 1)
(u'propeled+against', 1)
(u'informed+of', 1)
(u'sinks+into', 1)
(u'isolated+in', 1)
(u'performed+under', 1)
(u'transferred+through', 1)
(u'develops+during', 1)
(u'recovers+after', 1)
(u'elapses+before', 1)
(u'stored+by', 1)
(u'facilitated+by', 1)
(u'handle+in', 1)
(u'interrupted+so', 1)
(u'cemented+in', 1)
(u'protrudes+through', 1)
(u'revoked+by', 1)
(u'fall+within', 1)
(u'opposed+by', 1)
(u'Recommended+for', 1)
(u'ingested+because', 1)
(u'circumscribed+by', 1)
(u'signifying+beneath', 1)
(u'raised+between', 1)
(u'hung+on', 1)
(u'Known+as', 1)
(u'comprised+of', 1)
(u'severing+of', 1)
(u'introduced+via', 1)
(u'carries+in', 1)
(u'travel+with', 1)
(u'liberated+as', 1)
(u'Sponsored+by', 1)
(u'look+on', 1)
(u'given+with', 1)
(u'deposited+because', 1)
(u'hardened+in', 1)
(u'form+from', 1)
(u'stamp+into', 1)
(u'identified+through', 1)
(u'grooving+of', 1)
(u'attached+below', 1)
(u'decomposed+by', 1)
(u'growing+from', 1)
(u'deepening+of', 1)
(u'flow+from', 1)
(u'drawn+into', 1)
(u'introduced+during', 1)
(u'catalyzes+in', 1)
(u'created+on', 1)
(u'enroll+in', 1)
(u'infused+with', 1)
(u'seen+within', 1)
(u'cristobalite+in', 1)
(u'banned+by', 1)
(u'slide+on', 1)
(u'kept+until', 1)
(u'mimic+in', 1)
(u'lodges+in', 1)
(u'receives+that', 1)
(u'discarded+into', 1)
(u'existed+before', 1)
(u'implanted+from', 1)
(u'named+for', 1)
(u'equalized+on', 1)
(u'pass+along', 1)
(u'looking+through', 1)
(u'occurs+upon', 1)
(u'transmits+from', 1)
(u'arranged+as', 1)
(u'describing+in', 1)
(u'vomiting+after', 1)
(u'designed+without', 1)
(u'work+for', 1)
(u'established+over', 1)
(u'wears+over', 1)
(u'conducted+while', 1)
(u'expired+during', 1)
(u'visualized+as', 1)
(u'matter+at', 1)
(u'function+within', 1)
(u'is+as', 1)
(u'obliterated+with', 1)
(u'stabilized+in', 1)
(u'instructing+in', 1)
(u'functions+within', 1)
(u'created+as', 1)
(u'ceased+at', 1)
(u'labeled+with', 1)
(u'bordering+on', 1)
(u'hardens+in', 1)
(u'descending+below', 1)
(u'heal+around', 1)
(u'denied+on', 1)
(u'rubbing+against', 1)
(u'declared+at', 1)
(u'dictated+by', 1)
(u'struck+by', 1)
(u'assumed+while', 1)
(u'contributed+by', 1)
(u'slides+into', 1)
(u'127\\xb0C+under', 1)
(u'observed+by', 1)
(u'live+on', 1)
(u'requiring+that', 1)
(u'pumped+into', 1)
(u'multiplied+by', 1)
(u'diagnosed+by', 1)
(u'seated+in', 1)
(u'starch+into', 1)
(u'begun+against', 1)
(u'indicated+with', 1)
(u'seen+at', 1)
(u'deposited+by', 1)
(u'calibrated+in', 1)
(u'added+for', 1)
(u'move+on', 1)
(u'running+through', 1)
(u'inlayed+in', 1)
(u'beveled+on', 1)
(u'lies+below', 1)
(u'is+beyond', 1)
(u'substantiated+by', 1)
(u'persists+beyond', 1)
(u'retaining+of', 1)
(u'fabricated+by', 1)
(u'grafted+onto', 1)
(u'denuded+of', 1)
(u'found+near', 1)
(u'translated+by', 1)
(u'scaling+in', 1)
(u'converted+in', 1)
(u'tightened+by', 1)
(u'produced+while', 1)
(u'appear+without', 1)
(u'centered+between', 1)
(u'needed+by', 1)
(u'placed+within', 1)
(u'rotates+around', 1)
(u'speak+in', 1)
(u'dispensed+in', 1)
(u'concluded+that', 1)
(u'codes+for', 1)
(u'vary+from', 1)
(u'certified+by', 1)
(u'left+under', 1)
(u'focus+on', 1)
(u'ensures+that', 1)
(u'harmonize+with', 1)
(u'encoded+by', 1)
(u'slides+on', 1)
(u'constructed+in', 1)
(u'stored+without', 1)
(u'focused+on', 1)
(u'discouraged+because', 1)
(u'compiled+by', 1)
(u'brought+against', 1)
(u'softened+by', 1)
(u'moisture+as', 1)
(u'verify+that', 1)
(u'felt+in', 1)
(u'worn+around', 1)
(u'carried+in', 1)
(u'choose+from', 1)
(u'compromised+because', 1)
(u'paid+within', 1)
(u'functions+with', 1)
(u'calcify+with', 1)
(u'resulted+in', 1)
(u'absorbed+per', 1)
(u'suturing+with', 1)
(u'making+through', 1)
(u'live+after', 1)
(u'listed+under', 1)
(u'reproduce+within', 1)
(u'seen+upon', 1)
(u'migrates+from', 1)
(u'compensated+at', 1)
(u'applied+over', 1)
(u'sought+at', 1)
(u'scoring+of', 1)
(u'allowing+for', 1)
(u'slice+with', 1)
(u'withheld+as', 1)
(u'appears+near', 1)
(u'practiced+by', 1)
(u'relax+after', 1)
(u'contains+as', 1)
(u'incurred+for', 1)
(u'deflected+from', 1)
(u'filed+in', 1)
(u'observed+as', 1)
(u'marketed+in', 1)
(u'affecting+among', 1)
(u'discharged+into', 1)
(u'used+unless', 1)
(u'terminating+in', 1)
(u'collected+by', 1)
(u'exist+in', 1)
(u'taking+over', 1)
(u'given+as', 1)
(u'touched+by', 1)
(u'given+at', 1)
(u'benefit+from', 1)
(u'delivered+in', 1)
(u'involved+as', 1)
(u'keying+of', 1)
(u'passing+over', 1)
(u'situated+above', 1)
(u'apply+under', 1)
(u'screened+for', 1)
(u'directed+onto', 1)
(u'remaining+from', 1)
(u'supported+with', 1)
(u'produced+through', 1)
(u'grinding+by', 1)
(u'programmed+from', 1)
(u'followed+for', 1)
(u'done+with', 1)
(u'inoculated+into', 1)
(u'recorded+as', 1)
(u'wrapped+in', 1)
(u'cut+with', 1)
(u'moving+around', 1)
(u'achieved+unless', 1)
(u'dilate+in', 1)
(u'closing+with', 1)
(u'paid+toward', 1)
(u'delivered+from', 1)
(u'turned+by', 1)
(u'expelled+at', 1)
(u'altered+in', 1)
(u'file+for', 1)
(u'maintained+within', 1)
(u'lacking+in', 1)
(u'blowing+of', 1)
(u'triggered+by', 1)
(u'connects+with', 1)
(u'originates+as', 1)
(u'organized+under', 1)
(u'inherited+on', 1)
(u'intersected+by', 1)
(u'converge+so', 1)
(u'precipitates+in', 1)
(u'stemming+from', 1)
(u'secured+from', 1)
(u'Extends+from', 1)
(u'recommended+in', 1)
(u'suggested+that', 1)
(u'exhibited+by', 1)
(u'ignored+in', 1)
(u'forming+because', 1)
(u'developed+on', 1)
(u'emerge+at', 1)
(u'maintained+on', 1)
(u'turn+in', 1)
(u'veneered+onto', 1)
(u'continues+throughout', 1)
(u'retracted+from', 1)
(u'springing+over', 1)
(u'performed+with', 1)
(u'extends+on', 1)
(u'rearranged+during', 1)
(u'felt+on', 1)
(u'Coined+by', 1)
(u'considered+among', 1)
(u'promoted+by', 1)
(u'rotate+on', 1)
(u'slopes+from', 1)
(u'occurred+by', 1)
(u'sucking+on', 1)
(u'used+without', 1)
(u'varied+from', 1)
(u'loosen+in', 1)
(u'folded+into', 1)
(u'seen+around', 1)
(u'function+on', 1)
(u'received+as', 1)
(u'operate+by', 1)
(u'varied+with', 1)
(u'occur+until', 1)
(u'look+at', 1)
(u'administered+during', 1)
(u'paste+that', 1)
(u'acetylcholine+into', 1)
(u'shank+of', 1)
(u'cutting+into', 1)
(u'goes+after', 1)
(u'appointed+by', 1)
(u'read+via', 1)
(u'be+up', 1)
(u'brought+by', 1)
(u'bombarded+with', 1)
(u'missing+from', 1)
(u'concealed+beneath', 1)
(u'included+within', 1)
(u'mounted+in', 1)
(u'opened+by', 1)
(u'Schedule+of', 1)
(u'formed+about', 1)
(u'built+into', 1)
(u'arranged+along', 1)
(u'sheathed+in', 1)
(u'sent+via', 1)
(u'go+into', 1)
(u'noted+throughout', 1)
(u'rendered+in', 1)
(u'grinding+at', 1)
(u'pointed+in', 1)
(u'slide+past', 1)
(u'hydrolyzed+in', 1)
(u'established+between', 1)
(u'placed+with', 1)
(u'glows+in', 1)
(u'marketed+as', 1)
(u'backed+with', 1)
(u'rises+with', 1)
(u'implant+before', 1)
(u'constituted+by', 1)
(u'formed+so', 1)
(u'transmitted+between', 1)
(u'made+through', 1)
(u'differing+in', 1)
(u'connect+into', 1)
(u'refrain+from', 1)
(u'compounding+of', 1)
(u'attached+through', 1)
(u'help+with', 1)
(u'relies+on', 1)
(u'work+by', 1)
(u'contraindicated+with', 1)
(u'constructed+with', 1)
(u'runs+down', 1)
(u'undertaken+in', 1)
(u'practiced+in', 1)
(u'disproved+by', 1)
(u'rotate+during', 1)
(u'pulling+on', 1)
(u'incorporated+in', 1)
(u'allotted+for', 1)
(u'obtained+before', 1)
(u'disappear+as', 1)
(u'decided+by', 1)
(u'closes+off', 1)
(u'granting+of', 1)
(u'hardens+upon', 1)
(u'attached+so', 1)
(u'merge+with', 1)
(u'discovered+that', 1)
(u'provided+until', 1)
(u'licensed+by', 1)
(u'quenched+in', 1)
(u'affiliated+with', 1)
(u'charged+in', 1)
(u'exist+between', 1)
(u'bubbling+in', 1)
(u'found+inside', 1)
(u'arranged+like', 1)
(u'inspired+from', 1)
(u'corresponding+in', 1)
(u'lying+within', 1)
(u'involved+by', 1)
(u'fits+on', 1)
(u'wedged+against', 1)
(u'precipitates+as', 1)
(u'cohere+at', 1)
(u'ascertained+on', 1)
(u'restricted+in', 1)
(u'dribbles+from', 1)
(u'hardens+over', 1)
(u'lurching+from', 1)
(u'converted+from', 1)
(u'implement+that', 1)
(u'broken+by', 1)
(u'tied+in', 1)
(u'targeted+by', 1)
(u'produced+without', 1)
(u'heal+with', 1)
(u'ordered+by', 1)
(u'gives+under', 1)
(u'forming+with', 1)
(u'relayed+from', 1)
(u'lies+along', 1)
(u'sues+in', 1)
(u'tolerated+by', 1)
(u'exist+because', 1)
(u'obsesses+about', 1)
(u'capped+by', 1)
(u'persisting+in', 1)
(u'classified+by', 1)
(u'scraped+off', 1)
(u'competes+against', 1)
(u'joined+at', 1)
(u'Attached+in', 1)
(u'connect+with', 1)
(u'implying+that', 1)
(u'work+with', 1)
(u'countered+by', 1)
(u'aggregated+into', 1)
(u'predominate+in', 1)
(u'moves+in', 1)
(u'made+before', 1)
(u'indicate+that', 1)
(u'used+while', 1)
(u'apply+over', 1)
(u'based+for', 1)
(u'conjoin+as', 1)
(u'signifying+above', 1)
(u'excreted+through', 1)
(u'festooning+of', 1)
(u'recede+from', 1)
(u'dating+from', 1)
(u'including+in', 1)
(u'computed+as', 1)
(u'wear+during', 1)
(u'disappears+after', 1)
(u'concentrated+on', 1)
(u'orbits+around', 1)
(u'lie+above', 1)
(u'hyalinized+into', 1)
(u'begin+with', 1)
(u'manifest+after', 1)
(u'residing+for', 1)
(u'moistened+with', 1)
(u'conducted+during', 1)
(u'dispersing+of', 1)
(u'assigned+on', 1)
(u'heated+under', 1)
(u'coincide+with', 1)
(u'cause+by', 1)
(u'billed+by', 1)
(u'modulated+by', 1)
(u'depicted+in', 1)
(u'stressed+beyond', 1)
(u'do+at', 1)
(u'seen+after', 1)
(u'proceeds+from', 1)
(u'transmitted+across', 1)
(u'pull+on', 1)
(u'dispersed+through', 1)
(u'wearing+of', 1)
(u'bring+on', 1)
(u'preferred+over', 1)
(u'established+at', 1)
(u'set+on', 1)
(u'slid+on', 1)
(u'indicated+for', 1)
(u'was+in', 1)
(u'set+of', 1)
(u'rests+of', 1)
(u'secured+by', 1)
(u'innervated+in', 1)
(u'delivered+under', 1)
(u'overlaps+of', 1)
(u'functioning+of', 1)
(u'indicated+in', 1)
(u'withstood+without', 1)
(u'tied+into', 1)
(u'placed+while', 1)
(u'expelled+through', 1)
(u'made+outside', 1)
(u'defined+at', 1)
(u'differentiate+between', 1)
(u'numbered+as', 1)
(u'decaying+of', 1)
(u'drawn+in', 1)
(u'freed+from', 1)
(u'oriented+with', 1)
(u'formed+that', 1)
(u'leaves+after', 1)
(u'permeated+with', 1)
(u'serve+in', 1)
(u'rotated+with', 1)
(u'breathed+through', 1)
(u'soldered+on', 1)
(u'prevented+from', 1)
(u'relied+upon', 1)
(u'emitted+during', 1)
(u'migrate+on', 1)
(u'falling+through', 1)
(u'presides+over', 1)
(u'coursing+through', 1)
(u'Required+by', 1)
(u'severed+in', 1)
(u'blunting+of', 1)
(u'rests+within', 1)
(u'eliminated+except', 1)
(u'crowding+by', 1)
(u'develops+into', 1)
(u'functioning+as', 1)
(u'examined+with', 1)
(u'lost+by', 1)
(u'absorbed+on', 1)
(u'behaves+like', 1)
(u'occurs+over', 1)
(u'living+on', 1)
(u'repositioned+in', 1)
(u'worsened+by', 1)
(u'conducted+along', 1)
(u'displaced+under', 1)
(u'believed+by', 1)
(u'ascertained+by', 1)
(u'changing+of', 1)
(u'fluctuate+in', 1)
(u'moving+at', 1)
(u'diagnosed+during', 1)
(u'implant+beyond', 1)
(u'accumulates+on', 1)
(u'stand+in', 1)
(u'turning+about', 1)
(u'sleeping+because', 1)
(u'polishing+of', 1)
(u'recovered+in', 1)
(u'touched+with', 1)
(u'awarded+in', 1)
(u'originated+by', 1)
(u'bristle+with', 1)
(u'enter+into', 1)
(u'paid+before', 1)
(u'donated+for', 1)
(u'clicking+of', 1)
(u'voiced+as', 1)
(u'transferred+from', 1)
(u'consult+on', 1)
(u'created+with', 1)
(u'taken+with', 1)
(u'distributed+on', 1)
(u'calcified+by', 1)
(u'made+out', 1)
(u'Softens+on', 1)
(u'accrues+from', 1)
(u'graded+from', 1)
(u'linking+of', 1)
(u'expired+from', 1)
(u'checked+for', 1)
(u'originates+outside', 1)
(u'anchored+in', 1)
(u'remeasured+after', 1)
(u'specialized+in', 1)
(u'tolerated+without', 1)
(u'blowing+into', 1)
(u'branch+into', 1)
(u'metastasize+than', 1)
(u'check+for', 1)
(u'displaced+into', 1)
(u'form+between', 1)
(u'exchanging+of', 1)
(u'taken+for', 1)
(u'alternates+between', 1)
(u'lasts+until', 1)
(u'appears+because', 1)
(u'arise+within', 1)
(u'draw+on', 1)
(u'covered+in', 1)
(u'felt+by', 1)
(u'passes+in', 1)
(u'laced+within', 1)
(u'born+after', 1)
(u'considered+in', 1)
(u'ulcerates+in', 1)
(u'donated+by', 1)
(u'reached+by', 1)
(u'accentuated+by', 1)
(u'incarcerated+in', 1)
(u'exists+among', 1)
(u'funded+with', 1)
(u'occur+throughout', 1)
(u'spaced+on', 1)
(u'pasted+on', 1)
(u'live+beyond', 1)
(u'closed+in', 1)
(u'is+without', 1)
(u'imaged+for', 1)
(u'put+in', 1)
(u'discharged+via', 1)
(u'grasped+from', 1)
(u'differing+from', 1)
(u'modified+in', 1)
(u'begins+on', 1)
(u'grunting+on', 1)
(u'proved+by', 1)
(u'prevent+as', 1)
(u'proliferate+against', 1)
(u'attached+with', 1)
(u'serving+in', 1)
(u'inferred+by', 1)
(u'captured+by', 1)
(u'stated+by', 1)
(u'exhaled+in', 1)
(u'approved+under', 1)
(u'appears+at', 1)
(u'detected+in', 1)
(u'repeat+at', 1)
(u'set+into', 1)
(u'project+into', 1)
(u'speak+with', 1)
(u'developed+through', 1)
(u'classified+with', 1)
(u'moving+against', 1)
(u'excreted+by', 1)
(u'flows+toward', 1)
(u'adapted+around', 1)
(u'contouring+in', 1)
(u'acted+upon', 1)
(u'straying+of', 1)
(u'collaborating+with', 1)
(u'paid+out', 1)
(u'surveyed+on', 1)
(u'linked+with', 1)
(u'promote+of', 1)
(u'assigned+at', 1)
(u'pass+into', 1)
(u'ruptures+within', 1)
(u'shielding+against', 1)
(u'endorsed+by', 1)
(u'Prevented+by', 1)
(u'melt+until', 1)
(u'concerned+in', 1)
(u'join+in', 1)
(u'driving+in', 1)
(u'rest+on', 1)
(u'financed+by', 1)
(u'provided+alongside', 1)
(u'delayed+in', 1)
(u'returns+at', 1)
(u'encompassed+by', 1)
(u'fits+onto', 1)
(u'are+like', 1)
(u'commencing+with', 1)
(u'computed+on', 1)
(u'added+as', 1)
(u'retain+in', 1)
(u'ramify+across', 1)
(u'persists+in', 1)
(u'expired+after', 1)
(u'present+along', 1)
(u'swelling+at', 1)
(u'polishing+in', 1)
(u'dispersed+from', 1)
(u'formed+over', 1)
(u'is+above', 1)
(u'expanding+into', 1)
(u'succeeded+by', 1)
(u'projecting+beyond', 1)
(u'See+under', 1)
(u'stretching+of', 1)
(u'flushed+with', 1)
(u'lost+at', 1)
(u'condenses+into', 1)
(u'applied+for', 1)
(u'Transmitted+through', 1)
(u'cutting+through', 1)
(u'situated+around', 1)
(u'released+at', 1)
(u'practice+because', 1)
(u'executed+during', 1)
(u'Formed+by', 1)
(u'removed+for', 1)
(u'compromised+by', 1)
(u'monitor+in', 1)
(u'diminishing+through', 1)
(u'ceases+despite', 1)
(u'wrapped+around', 1)
(u'intersect+with', 1)
(u'applied+through', 1)
(u'contoured+before', 1)
(u'flowing+of', 1)
(u'evolve+into', 1)
(u'operates+by', 1)
(u'kept+of', 1)
(u'look+for', 1)
(u'promulgated+by', 1)
(u'spread+across', 1)
(u'shielding+of', 1)
(u'concentrated+in', 1)
(u'dye+after', 1)
(u'painted+on', 1)
(u'flows+across', 1)
(u'assigned+as', 1)
(u'is+on', 1)
(u'treated+in', 1)
(u'molded+in', 1)
(u'destined+for', 1)
(u'change+from', 1)
(u'coded+for', 1)
(u'passed+into', 1)
(u'maintaining+that', 1)
(u'returned+from', 1)
(u'dissolve+in', 1)
(u'approximated+by', 1)
(u'united+into', 1)
(u'extend+into', 1)
(u'begins+with', 1)
(u'specified+in', 1)
(u'falls+at', 1)
(u'carrying+on', 1)
(u'initiated+without', 1)
(u'blending+into', 1)
(u'derived+by', 1)
(u'cut+in', 1)
(u'works+with', 1)
(u'eroding+through', 1)
(u'whips+with', 1)
(u'contracting+during', 1)
(u'storing+of', 1)
(u'arc+around', 1)
(u'Located+on', 1)
(u'rests+in', 1)
(u'terminate+in', 1)
(u'asked+by', 1)
(u'heals+through', 1)
(u'bend+with', 1)
(u'assembled+by', 1)
(u'paid+if', 1)
(u'falls+in', 1)
(u'correct+for', 1)
(u'was+below', 1)
(u'paid+in', 1)
(u'born+on', 1)
(u'rests+against', 1)
(u'coming+in', 1)
(u'are+without', 1)
(u'establish+in', 1)
(u'presented+for', 1)
(u'cause+about', 1)
(u'restored+in', 1)
(u'provided+that', 1)
(u'lead+without', 1)
(u'run+with', 1)
(u'apply+for', 1)
(u'traced+by', 1)
(u'confined+in', 1)
(u'forks+into', 1)
(u'planned+within', 1)
(u'recommended+because', 1)
(u'thought+as', 1)
(u'increased+after', 1)
(u'corrected+by', 1)
(u'formed+after', 1)
(u'patterned+in', 1)
(u'rounded+at', 1)
(u'traveling+at', 1)
(u'harden+into', 1)
(u'carded+by', 1)
(u'applied+on', 1)
(u'propelled+by', 1)
(u'clenching+of', 1)
(u'signifying+under', 1)
(u'leased+from', 1)
(u'select+from', 1)
(u'accumulating+on', 1)
(u'misused+as', 1)
(u'bending+of', 1)
(u'gathered+by', 1)
(u'welded+by', 1)
(u'worn+from', 1)
(u'radiating+from', 1)
(u'coming+from', 1)
(u'selected+by', 1)
(u'fixing+of', 1)
(u'named+by', 1)
(u'implant+without', 1)
(u'succeed+in', 1)
(u'grows+through', 1)
(u'accounted+for', 1)
(u'pitted+against', 1)
(u'adjusted+in', 1)
(u'rounded+from', 1)
(u'replaced+as', 1)
(u'occur+inside', 1)
(u'secreted+in', 1)
(u'furnished+by', 1)
(u'forcing+of', 1)
(u'disseminated+throughout', 1)
(u'presenting+with', 1)
(u'situated+over', 1)
(u'treat+with', 1)
(u'behaves+as', 1)
(u'reach+with', 1)
(u'deflects+off', 1)
(u'made+throughout', 1)
(u'paired+with', 1)
(u'acts+by', 1)
(u'fought+for', 1)
(u'answered+by', 1)
(u'produced+because', 1)
(u'satisfied+until', 1)
(u'associated+in', 1)
(u'Seen+in', 1)
(u'conform+with', 1)
(u'melts+at', 1)
(u'grow+out', 1)
(u'increasing+in', 1)
(u'disclosed+by', 1)
(u'turned+on', 1)
(u'awarded+by', 1)
(u'spread+into', 1)
(u'occurs+against', 1)
(u'dissatisfied+with', 1)
(u'form+during', 1)
(u'guided+in', 1)
(u'filtered+by', 1)
(u'laid+in', 1)
(u'altered+so', 1)
(u'grooving+in', 1)
(u'appearing+as', 1)
(u'progressed+from', 1)
(u'resulting+after', 1)
(u'granted+on', 1)
(u'placed+by', 1)
(u'collected+during', 1)
(u'threatened+if', 1)
(u'stretching+with', 1)
(u'covered+on', 1)
(u'be+between', 1)
(u'corrected+with', 1)
(u'shaped+in', 1)
(u'observed+from', 1)
(u'prefaced+by', 1)
(u'means+as', 1)
(u'bite+into', 1)
(u'toughening+of', 1)
(u'reimbursed+under', 1)
(u'remain+on', 1)
(u'endure+with', 1)
(u'afflicted+with', 1)
(u'neutralized+by', 1)
(u'are+within', 1)
(u'apply+if', 1)
(u'medicate+by', 1)
(u'divulged+in', 1)
(u'completed+by', 1)
(u'asking+for', 1)
(u'infiltrated+by', 1)
(u'withdraw+from', 1)
(u'interferes+between', 1)
(u'enters+through', 1)
(u'boiling+in', 1)
(u'wading+in', 1)
(u'deducted+from', 1)
(u'protected+from', 1)
(u'wrapped+about', 1)
(u'designated+in', 1)
(u'calcify+from', 1)
(u'measured+for', 1)
(u'being+within', 1)
(u'accrues+as', 1)
(u'interpreted+by', 1)
(u'terminating+without', 1)
(u'scaling+until', 1)
(u'perceived+by', 1)
(u'accumulate+on', 1)
(u'controlled+under', 1)
(u'Proposed+as', 1)
(u'levied+by', 1)
(u'organized+around', 1)
(u'increased+by', 1)
(u'emanates+from', 1)
(u'suffers+from', 1)
(u'indicate+in', 1)
(u'falls+below', 1)
(u'distracted+so', 1)
(u'compensated+for', 1)
(u'done+through', 1)
(u'be+about', 1)
(u'minimized+by', 1)
(u'heated+during', 1)
(u'preferred+by', 1)
(u'reused+after', 1)
(u'exhibited+in', 1)
(u'demonstrated+by', 1)
(u'increases+with', 1)
(u'hardens+on', 1)
(u'plugged+with', 1)
(u'repeated+until', 1)
(u'earned+by', 1)
(u'fills+with', 1)
(u'redistributed+in', 1)
(u'voids+within', 1)
(u'relying+on', 1)
(u'stated+as', 1)
(u'referred+by', 1)
(u'reshaping+of', 1)
(u'arising+as', 1)
(u'terminates+on', 1)
(u'form+under', 1)
(u'obliterated+by', 1)
(u'treated+on', 1)
(u'reported+on', 1)
(u'painted+over', 1)
(u'lying+in', 1)
(u'liberated+from', 1)
(u'contraindicated+in', 1)
(u'live+as', 1)
(u'manifest+with', 1)
(u'made+without', 1)
(u'been+if', 1)
(u'escape+through', 1)
(u'fibrin+from', 1)
(u'offered+with', 1)
(u'balanced+by', 1)
(u'pay+before', 1)
(u'escapes+from', 1)
(u'appear+along', 1)
(u'addressed+by', 1)
(u'dissipated+into', 1)
(u'caused+in', 1)
(u'lightening+of', 1)
(u'recorded+for', 1)
(u'listed+as', 1)
(u'enacted+as', 1)
(u'found+throughout', 1)
(u'lasts+for', 1)
(u'lying+beneath', 1)
(u'determine+that', 1)
(u'behave+in', 1)
(u'classified+under', 1)
(u'laid+on', 1)
(u'distending+with', 1)
(u'heading+of', 1)
(u'marked+for', 1)
(u'provided+within', 1)
(u'shed+from', 1)
(u'occur+among', 1)
(u'using+of', 1)
(u'plunged+into', 1)
(u'unbundling+of', 1)
(u'check+on', 1)
(u'trapped+between', 1)
(u'tilting+of', 1)
(u'caring+for', 1)
(u'inoculating+against', 1)
(u'reinforced+by', 1)
(u'existing+for', 1)
(u'travel+through', 1)
(u'overlaid+with', 1)
(u'propagated+along', 1)
(u'occurring+outside', 1)
(u'empties+into', 1)
(u'drawn+over', 1)
(u'mediated+along', 1)
(u'focused+in', 1)
(u'necessitated+by', 1)
(u'affirmed+on', 1)
(u'melts+over', 1)
(u'break+in', 1)
(u'occurring+about', 1)
(u'selected+in', 1)
(u'keep+in', 1)
(u'infiltrated+with', 1)
(u'converge+with', 1)
(u'hold+in', 1)
(u'completed+within', 1)
(u'owed+by', 1)
(u'blistering+on', 1)
(u'solving+through', 1)
(u'has+on', 1)
(u'truncated+at', 1)
(u'contact+with', 1)
(u'based+outside', 1)
(u'occludes+with', 1)
(u'occur+upon', 1)
(u'accumulates+for', 1)
(u'recovered+after', 1)
(u'live+for', 1)
(u'branching+from', 1)
(u'admitted+as', 1)
(u'bubbling+from', 1)
(u'occurring+beyond', 1)
(u'favored+by', 1)
(u'manipulated+by', 1)
(u'Excluded+from', 1)
(u'require+up', 1)
(u'felt+as', 1)
(u'extend+through', 1)
(u'interpose+between', 1)
(u'form+along', 1)
(u'have+toward', 1)
(u'attained+by', 1)
(u'paste+for', 1)
(u'heal+within', 1)
(u'sorted+so', 1)
(u'engages+in', 1)
(u'binds+with', 1)
(u'stained+with', 1)
(u'involved+because', 1)
(u'generated+in', 1)
(u'Calculated+by', 1)
(u'stabilized+by', 1)
(u'transform+into', 1)
(u'grew+from', 1)
(u'Replaced+with', 1)
(u'left+on', 1)
(u'designed+with', 1)
(u'goes+into', 1)
(u'lies+at', 1)
(u'solidifies+from', 1)
(u'studied+against', 1)
(u'present+as', 1)
(u'found+during', 1)
(u'split+by', 1)
(u'employed+by', 1)
(u'injected+with', 1)
(u'protrudes+from', 1)
(u'believing+that', 1)
(u'added+until', 1)
(u'relieved+with', 1)
(u'runs+between', 1)
(u'rotates+during', 1)
(u'colonized+by', 1)
(u'earmarked+for', 1)
(u'questioned+about', 1)
(u'written+in', 1)
(u'detected+at', 1)
(u'permitted+by', 1)
(u'injected+near', 1)
(u'forcing+into', 1)
(u'boils+between', 1)
(u'carried+into', 1)
(u'vary+with', 1)
(u'believe+that', 1)
(u'deposited+after', 1)
(u'centered+around', 1)
(u'ionized+in', 1)
(u'acts+that', 1)
(u'moved+by', 1)
(u'propagated+by', 1)
(u'used+until', 1)
(u'phagocytosed+by', 1)
(u'felt+after', 1)
(u'descends+near', 1)
(u'united+in', 1)
(u'assigned+by', 1)
(u'imposed+for', 1)
(u'corresponding+with', 1)
(u'mitigated+until', 1)
(u'required+if', 1)
(u'placed+against', 1)
(u'shrinking+with', 1)
(u'required+in', 1)
(u'classified+in', 1)
(u'stabilized+without', 1)
(u'recombined+in', 1)
(u'expelled+in', 1)
(u'moves+from', 1)
(u'selected+at', 1)
(u'flowing+from', 1)
(u'expected+for', 1)
(u'grouped+around', 1)
(u'pass+on', 1)
(u'bathed+in', 1)
(u'enters+by', 1)
(u'recommended+as', 1)
(u'dilated+during', 1)
(u'enhanced+by', 1)
(u'leading+from', 1)
(u'intermingle+by', 1)
(u'propagated+from', 1)
(u'improves+for', 1)
(u'glide+over', 1)
(u'takes+on', 1)
(u'traveled+by', 1)
(u'happen+as', 1)
(u'copolymerize+with', 1)
(u'desired+if', 1)
(u'trapped+below', 1)
(u'Based+on', 1)
(u'classified+within', 1)
(u'growing+in', 1)
(u'discolored+in', 1)
(u'contract+for', 1)
(u'extracted+without', 1)
(u'occurring+throughout', 1)
(u'ejected+from', 1)
(u'continue+in', 1)
(u'persist+throughout', 1)
(u'using+that', 1)
(u'continue+if', 1)
(u'scribed+by', 1)
(u'derived+through', 1)
(u'checked+by', 1)
(u'disconcerting+during', 1)
(u'funded+by', 1)
(u'extends+inside', 1)
(u'operates+as', 1)
(u'starting+between', 1)
(u'operates+at', 1)
(u'originated+in', 1)
(u'isolated+as', 1)
(u'crawl+past', 1)
loaded all the data
loaded all the patterns
2017-08-25 16:19:39.508000
180	ISO-8859-1	180
-hemihydrate	ISO-8859-1	-hemihydrate
2017-08-25 16:19:39.784000
cost time: 0
